<?xml version="1.0" encoding="UTF-8"?>
<coverage generated="1614288173176" clover="3.2.0">
  <project timestamp="1614288173177" name="All files">
    <metrics statements="135" coveredstatements="128" conditionals="41" coveredconditionals="26" methods="10" coveredmethods="8" elements="186" coveredelements="162" complexity="0" loc="135" ncloc="135" packages="5" files="12" classes="12"/>
    <package name="src">
      <metrics statements="20" coveredstatements="16" conditionals="2" coveredconditionals="0" methods="2" coveredmethods="0"/>
      <file name="server.js" path="/Users/pengchen/Library/Mobile Documents/com~apple~CloudDocs/SCHOOL/self-study/projects/microservices/Microservices-Sys_Monitor/src/server.js">
        <metrics statements="20" coveredstatements="16" conditionals="2" coveredconditionals="0" methods="2" coveredmethods="0"/>
        <line num="2" count="2" type="stmt"/>
        <line num="4" count="2" type="stmt"/>
        <line num="6" count="2" type="stmt"/>
        <line num="7" count="2" type="stmt"/>
        <line num="9" count="2" type="stmt"/>
        <line num="11" count="2" type="stmt"/>
        <line num="12" count="2" type="stmt"/>
        <line num="15" count="2" type="stmt"/>
        <line num="16" count="2" type="stmt"/>
        <line num="19" count="2" type="stmt"/>
        <line num="20" count="2" type="stmt"/>
        <line num="24" count="2" type="stmt"/>
        <line num="25" count="2" type="stmt"/>
        <line num="26" count="2" type="stmt"/>
        <line num="27" count="2" type="stmt"/>
        <line num="30" count="2" type="stmt"/>
        <line num="33" count="0" type="cond" truecount="0" falsecount="2"/>
        <line num="34" count="0" type="stmt"/>
        <line num="35" count="0" type="stmt"/>
        <line num="37" count="0" type="stmt"/>
      </file>
    </package>
    <package name="src.middleware">
      <metrics statements="44" coveredstatements="44" conditionals="23" coveredconditionals="13" methods="5" coveredmethods="5"/>
      <file name="404.js" path="/Users/pengchen/Library/Mobile Documents/com~apple~CloudDocs/SCHOOL/self-study/projects/microservices/Microservices-Sys_Monitor/src/middleware/404.js">
        <metrics statements="10" coveredstatements="10" conditionals="4" coveredconditionals="1" methods="1" coveredmethods="1"/>
        <line num="2" count="2" type="stmt"/>
        <line num="5" count="2" type="stmt"/>
        <line num="6" count="2" type="stmt"/>
        <line num="7" count="2" type="stmt"/>
        <line num="8" count="2" type="stmt"/>
        <line num="9" count="2" type="stmt"/>
        <line num="10" count="2" type="stmt"/>
        <line num="12" count="2" type="cond" truecount="1" falsecount="3"/>
        <line num="13" count="2" type="stmt"/>
        <line num="20" count="2" type="stmt"/>
      </file>
      <file name="error.js" path="/Users/pengchen/Library/Mobile Documents/com~apple~CloudDocs/SCHOOL/self-study/projects/microservices/Microservices-Sys_Monitor/src/middleware/error.js">
        <metrics statements="10" coveredstatements="10" conditionals="11" coveredconditionals="7" methods="1" coveredmethods="1"/>
        <line num="2" count="2" type="stmt"/>
        <line num="4" count="2" type="stmt"/>
        <line num="6" count="3" type="stmt"/>
        <line num="7" count="3" type="cond" truecount="2" falsecount="0"/>
        <line num="8" count="3" type="cond" truecount="2" falsecount="0"/>
        <line num="9" count="3" type="cond" truecount="2" falsecount="0"/>
        <line num="10" count="3" type="stmt"/>
        <line num="12" count="3" type="cond" truecount="1" falsecount="4"/>
        <line num="13" count="3" type="stmt"/>
        <line num="21" count="3" type="stmt"/>
      </file>
      <file name="gatewayValidation.js" path="/Users/pengchen/Library/Mobile Documents/com~apple~CloudDocs/SCHOOL/self-study/projects/microservices/Microservices-Sys_Monitor/src/middleware/gatewayValidation.js">
        <metrics statements="3" coveredstatements="3" conditionals="0" coveredconditionals="0" methods="1" coveredmethods="1"/>
        <line num="3" count="2" type="stmt"/>
        <line num="4" count="28" type="stmt"/>
        <line num="5" count="28" type="stmt"/>
      </file>
      <file name="logger.js" path="/Users/pengchen/Library/Mobile Documents/com~apple~CloudDocs/SCHOOL/self-study/projects/microservices/Microservices-Sys_Monitor/src/middleware/logger.js">
        <metrics statements="4" coveredstatements="4" conditionals="4" coveredconditionals="1" methods="1" coveredmethods="1"/>
        <line num="5" count="2" type="stmt"/>
        <line num="7" count="29" type="cond" truecount="1" falsecount="3"/>
        <line num="11" count="29" type="stmt"/>
        <line num="13" count="29" type="stmt"/>
      </file>
      <file name="modelFinder.js" path="/Users/pengchen/Library/Mobile Documents/com~apple~CloudDocs/SCHOOL/self-study/projects/microservices/Microservices-Sys_Monitor/src/middleware/modelFinder.js">
        <metrics statements="17" coveredstatements="17" conditionals="4" coveredconditionals="4" methods="1" coveredmethods="1"/>
        <line num="2" count="2" type="stmt"/>
        <line num="3" count="2" type="stmt"/>
        <line num="4" count="2" type="stmt"/>
        <line num="6" count="2" type="stmt"/>
        <line num="7" count="28" type="stmt"/>
        <line num="9" count="28" type="cond" truecount="4" falsecount="0"/>
        <line num="11" count="9" type="stmt"/>
        <line num="12" count="9" type="stmt"/>
        <line num="13" count="9" type="stmt"/>
        <line num="15" count="9" type="stmt"/>
        <line num="16" count="9" type="stmt"/>
        <line num="17" count="9" type="stmt"/>
        <line num="19" count="9" type="stmt"/>
        <line num="20" count="9" type="stmt"/>
        <line num="21" count="9" type="stmt"/>
        <line num="23" count="1" type="stmt"/>
        <line num="24" count="1" type="stmt"/>
      </file>
    </package>
    <package name="src.model">
      <metrics statements="9" coveredstatements="9" conditionals="0" coveredconditionals="0" methods="0" coveredmethods="0"/>
      <file name="errorModel.js" path="/Users/pengchen/Library/Mobile Documents/com~apple~CloudDocs/SCHOOL/self-study/projects/microservices/Microservices-Sys_Monitor/src/model/errorModel.js">
        <metrics statements="3" coveredstatements="3" conditionals="0" coveredconditionals="0" methods="0" coveredmethods="0"/>
        <line num="3" count="2" type="stmt"/>
        <line num="5" count="2" type="stmt"/>
        <line num="19" count="2" type="stmt"/>
      </file>
      <file name="eventModel.js" path="/Users/pengchen/Library/Mobile Documents/com~apple~CloudDocs/SCHOOL/self-study/projects/microservices/Microservices-Sys_Monitor/src/model/eventModel.js">
        <metrics statements="3" coveredstatements="3" conditionals="0" coveredconditionals="0" methods="0" coveredmethods="0"/>
        <line num="3" count="2" type="stmt"/>
        <line num="5" count="2" type="stmt"/>
        <line num="12" count="2" type="stmt"/>
      </file>
      <file name="warningModel.js" path="/Users/pengchen/Library/Mobile Documents/com~apple~CloudDocs/SCHOOL/self-study/projects/microservices/Microservices-Sys_Monitor/src/model/warningModel.js">
        <metrics statements="3" coveredstatements="3" conditionals="0" coveredconditionals="0" methods="0" coveredmethods="0"/>
        <line num="3" count="2" type="stmt"/>
        <line num="5" count="2" type="stmt"/>
        <line num="15" count="2" type="stmt"/>
      </file>
    </package>
    <package name="src.route">
      <metrics statements="44" coveredstatements="42" conditionals="10" coveredconditionals="9" methods="2" coveredmethods="2"/>
      <file name="router.js" path="/Users/pengchen/Library/Mobile Documents/com~apple~CloudDocs/SCHOOL/self-study/projects/microservices/Microservices-Sys_Monitor/src/route/router.js">
        <metrics statements="13" coveredstatements="13" conditionals="0" coveredconditionals="0" methods="0" coveredmethods="0"/>
        <line num="3" count="2" type="stmt"/>
        <line num="4" count="2" type="stmt"/>
        <line num="5" count="2" type="stmt"/>
        <line num="7" count="2" type="stmt"/>
        <line num="9" count="2" type="stmt"/>
        <line num="11" count="2" type="stmt"/>
        <line num="14" count="2" type="stmt"/>
        <line num="15" count="2" type="stmt"/>
        <line num="16" count="2" type="stmt"/>
        <line num="17" count="2" type="stmt"/>
        <line num="18" count="2" type="stmt"/>
        <line num="19" count="2" type="stmt"/>
        <line num="21" count="2" type="stmt"/>
      </file>
      <file name="routerHandler.js" path="/Users/pengchen/Library/Mobile Documents/com~apple~CloudDocs/SCHOOL/self-study/projects/microservices/Microservices-Sys_Monitor/src/route/routerHandler.js">
        <metrics statements="31" coveredstatements="29" conditionals="10" coveredconditionals="9" methods="2" coveredmethods="2"/>
        <line num="4" count="12" type="stmt"/>
        <line num="6" count="28" type="cond" truecount="2" falsecount="0"/>
        <line num="7" count="1" type="stmt"/>
        <line num="8" count="1" type="stmt"/>
        <line num="11" count="27" type="stmt"/>
        <line num="13" count="27" type="cond" truecount="1" falsecount="1"/>
        <line num="14" count="0" type="stmt"/>
        <line num="15" count="0" type="stmt"/>
        <line num="18" count="27" type="stmt"/>
        <line num="20" count="27" type="cond" truecount="6" falsecount="0"/>
        <line num="22" count="9" type="stmt"/>
        <line num="23" count="9" type="stmt"/>
        <line num="25" count="3" type="stmt"/>
        <line num="26" count="3" type="stmt"/>
        <line num="28" count="3" type="stmt"/>
        <line num="29" count="3" type="stmt"/>
        <line num="31" count="6" type="stmt"/>
        <line num="32" count="3" type="stmt"/>
        <line num="34" count="3" type="stmt"/>
        <line num="35" count="3" type="stmt"/>
        <line num="37" count="3" type="stmt"/>
        <line num="38" count="3" type="stmt"/>
        <line num="40" count="24" type="stmt"/>
        <line num="43" count="3" type="stmt"/>
        <line num="48" count="2" type="stmt"/>
        <line num="49" count="2" type="stmt"/>
        <line num="50" count="2" type="stmt"/>
        <line num="51" count="2" type="stmt"/>
        <line num="52" count="2" type="stmt"/>
        <line num="53" count="2" type="stmt"/>
        <line num="56" count="2" type="stmt"/>
      </file>
    </package>
    <package name="src.tool">
      <metrics statements="18" coveredstatements="17" conditionals="6" coveredconditionals="4" methods="1" coveredmethods="1"/>
      <file name="monitor.js" path="/Users/pengchen/Library/Mobile Documents/com~apple~CloudDocs/SCHOOL/self-study/projects/microservices/Microservices-Sys_Monitor/src/tool/monitor.js">
        <metrics statements="18" coveredstatements="17" conditionals="6" coveredconditionals="4" methods="1" coveredmethods="1"/>
        <line num="4" count="2" type="stmt"/>
        <line num="5" count="2" type="stmt"/>
        <line num="6" count="2" type="stmt"/>
        <line num="8" count="2" type="cond" truecount="0" falsecount="1"/>
        <line num="10" count="8" type="stmt"/>
        <line num="12" count="8" type="stmt"/>
        <line num="20" count="8" type="cond" truecount="3" falsecount="0"/>
        <line num="23" count="1" type="stmt"/>
        <line num="24" count="1" type="stmt"/>
        <line num="26" count="3" type="stmt"/>
        <line num="28" count="3" type="stmt"/>
        <line num="35" count="3" type="stmt"/>
        <line num="37" count="4" type="stmt"/>
        <line num="39" count="4" type="stmt"/>
        <line num="49" count="4" type="stmt"/>
        <line num="52" count="8" type="stmt"/>
        <line num="54" count="8" type="stmt"/>
        <line num="58" count="0" type="stmt"/>
      </file>
    </package>
  </project>
</coverage>
