{"/Users/pengchen/Library/Mobile Documents/com~apple~CloudDocs/SCHOOL/self-study/projects/microservices/Microservices-Sys_Monitor/src/server.js": {"path":"/Users/pengchen/Library/Mobile Documents/com~apple~CloudDocs/SCHOOL/self-study/projects/microservices/Microservices-Sys_Monitor/src/server.js","statementMap":{"0":{"start":{"line":2,"column":0},"end":{"line":2,"column":27}},"1":{"start":{"line":4,"column":16},"end":{"line":4,"column":44}},"2":{"start":{"line":6,"column":16},"end":{"line":6,"column":34}},"3":{"start":{"line":7,"column":13},"end":{"line":7,"column":28}},"4":{"start":{"line":9,"column":12},"end":{"line":9,"column":21}},"5":{"start":{"line":11,"column":0},"end":{"line":11,"column":24}},"6":{"start":{"line":12,"column":0},"end":{"line":12,"column":16}},"7":{"start":{"line":15,"column":15},"end":{"line":15,"column":48}},"8":{"start":{"line":16,"column":0},"end":{"line":16,"column":16}},"9":{"start":{"line":19,"column":15},"end":{"line":19,"column":43}},"10":{"start":{"line":20,"column":0},"end":{"line":20,"column":26}},"11":{"start":{"line":24,"column":18},"end":{"line":24,"column":45}},"12":{"start":{"line":25,"column":0},"end":{"line":25,"column":24}},"13":{"start":{"line":26,"column":18},"end":{"line":26,"column":47}},"14":{"start":{"line":27,"column":0},"end":{"line":27,"column":19}},"15":{"start":{"line":30,"column":0},"end":{"line":41,"column":2}},"16":{"start":{"line":33,"column":17},"end":{"line":33,"column":41}},"17":{"start":{"line":34,"column":4},"end":{"line":39,"column":6}},"18":{"start":{"line":35,"column":6},"end":{"line":35,"column":73}},"19":{"start":{"line":37,"column":6},"end":{"line":37,"column":80}}},"fnMap":{"0":{"name":"(anonymous_0)","decl":{"start":{"line":32,"column":9},"end":{"line":32,"column":10}},"loc":{"start":{"line":32,"column":19},"end":{"line":40,"column":3}},"line":32},"1":{"name":"(anonymous_1)","decl":{"start":{"line":34,"column":21},"end":{"line":34,"column":22}},"loc":{"start":{"line":34,"column":26},"end":{"line":38,"column":5}},"line":34}},"branchMap":{"0":{"loc":{"start":{"line":33,"column":17},"end":{"line":33,"column":41}},"type":"binary-expr","locations":[{"start":{"line":33,"column":17},"end":{"line":33,"column":33}},{"start":{"line":33,"column":37},"end":{"line":33,"column":41}}],"line":33}},"s":{"0":2,"1":2,"2":2,"3":2,"4":2,"5":2,"6":2,"7":2,"8":2,"9":2,"10":2,"11":2,"12":2,"13":2,"14":2,"15":2,"16":0,"17":0,"18":0,"19":0},"f":{"0":0,"1":0},"b":{"0":[0,0]},"_coverageSchema":"1a1c01bbd47fc00a2c39e90264f33305004495a9","hash":"48dae0cebeec51a08a8c64dbe7858f965e0f8070"}
,"/Users/pengchen/Library/Mobile Documents/com~apple~CloudDocs/SCHOOL/self-study/projects/microservices/Microservices-Sys_Monitor/src/middleware/404.js": {"path":"/Users/pengchen/Library/Mobile Documents/com~apple~CloudDocs/SCHOOL/self-study/projects/microservices/Microservices-Sys_Monitor/src/middleware/404.js","statementMap":{"0":{"start":{"line":2,"column":16},"end":{"line":2,"column":45}},"1":{"start":{"line":5,"column":0},"end":{"line":21,"column":2}},"2":{"start":{"line":6,"column":16},"end":{"line":6,"column":63}},"3":{"start":{"line":7,"column":2},"end":{"line":7,"column":23}},"4":{"start":{"line":8,"column":2},"end":{"line":8,"column":34}},"5":{"start":{"line":9,"column":2},"end":{"line":9,"column":18}},"6":{"start":{"line":10,"column":2},"end":{"line":10,"column":12}},"7":{"start":{"line":12,"column":13},"end":{"line":12,"column":128}},"8":{"start":{"line":13,"column":22},"end":{"line":18,"column":3}},"9":{"start":{"line":20,"column":2},"end":{"line":20,"column":41}}},"fnMap":{"0":{"name":"(anonymous_0)","decl":{"start":{"line":5,"column":17},"end":{"line":5,"column":18}},"loc":{"start":{"line":5,"column":35},"end":{"line":21,"column":1}},"line":5}},"branchMap":{"0":{"loc":{"start":{"line":12,"column":13},"end":{"line":12,"column":128}},"type":"binary-expr","locations":[{"start":{"line":12,"column":13},"end":{"line":12,"column":41}},{"start":{"line":12,"column":45},"end":{"line":12,"column":69}},{"start":{"line":12,"column":73},"end":{"line":12,"column":108}},{"start":{"line":12,"column":112},"end":{"line":12,"column":128}}],"line":12}},"s":{"0":2,"1":2,"2":2,"3":2,"4":2,"5":2,"6":2,"7":2,"8":2,"9":2},"f":{"0":2},"b":{"0":[2,0,0,0]},"_coverageSchema":"1a1c01bbd47fc00a2c39e90264f33305004495a9","hash":"72a6dd67925cc190b9e41f605a4e8ef79d142fd5"}
,"/Users/pengchen/Library/Mobile Documents/com~apple~CloudDocs/SCHOOL/self-study/projects/microservices/Microservices-Sys_Monitor/src/middleware/error.js": {"path":"/Users/pengchen/Library/Mobile Documents/com~apple~CloudDocs/SCHOOL/self-study/projects/microservices/Microservices-Sys_Monitor/src/middleware/error.js","statementMap":{"0":{"start":{"line":2,"column":16},"end":{"line":2,"column":45}},"1":{"start":{"line":4,"column":0},"end":{"line":22,"column":2}},"2":{"start":{"line":6,"column":2},"end":{"line":6,"column":49}},"3":{"start":{"line":7,"column":2},"end":{"line":7,"column":41}},"4":{"start":{"line":8,"column":2},"end":{"line":8,"column":101}},"5":{"start":{"line":9,"column":2},"end":{"line":9,"column":91}},"6":{"start":{"line":10,"column":2},"end":{"line":10,"column":12}},"7":{"start":{"line":12,"column":13},"end":{"line":12,"column":138}},"8":{"start":{"line":13,"column":20},"end":{"line":19,"column":3}},"9":{"start":{"line":21,"column":2},"end":{"line":21,"column":37}}},"fnMap":{"0":{"name":"(anonymous_0)","decl":{"start":{"line":4,"column":17},"end":{"line":4,"column":18}},"loc":{"start":{"line":4,"column":42},"end":{"line":22,"column":1}},"line":4}},"branchMap":{"0":{"loc":{"start":{"line":7,"column":19},"end":{"line":7,"column":40}},"type":"binary-expr","locations":[{"start":{"line":7,"column":19},"end":{"line":7,"column":33}},{"start":{"line":7,"column":37},"end":{"line":7,"column":40}}],"line":7},"1":{"loc":{"start":{"line":8,"column":22},"end":{"line":8,"column":100}},"type":"binary-expr","locations":[{"start":{"line":8,"column":22},"end":{"line":8,"column":39}},{"start":{"line":8,"column":43},"end":{"line":8,"column":100}}],"line":8},"2":{"loc":{"start":{"line":9,"column":12},"end":{"line":9,"column":89}},"type":"binary-expr","locations":[{"start":{"line":9,"column":12},"end":{"line":9,"column":28}},{"start":{"line":9,"column":32},"end":{"line":9,"column":89}}],"line":9},"3":{"loc":{"start":{"line":12,"column":13},"end":{"line":12,"column":138}},"type":"binary-expr","locations":[{"start":{"line":12,"column":13},"end":{"line":12,"column":19}},{"start":{"line":12,"column":23},"end":{"line":12,"column":51}},{"start":{"line":12,"column":55},"end":{"line":12,"column":79}},{"start":{"line":12,"column":83},"end":{"line":12,"column":118}},{"start":{"line":12,"column":122},"end":{"line":12,"column":138}}],"line":12}},"s":{"0":2,"1":2,"2":3,"3":3,"4":3,"5":3,"6":3,"7":3,"8":3,"9":3},"f":{"0":3},"b":{"0":[3,3],"1":[3,3],"2":[3,3],"3":[3,0,0,0,0]},"_coverageSchema":"1a1c01bbd47fc00a2c39e90264f33305004495a9","hash":"eade0cebcaa785a1f71e280a3ed592cc16390189"}
,"/Users/pengchen/Library/Mobile Documents/com~apple~CloudDocs/SCHOOL/self-study/projects/microservices/Microservices-Sys_Monitor/src/middleware/gatewayValidation.js": {"path":"/Users/pengchen/Library/Mobile Documents/com~apple~CloudDocs/SCHOOL/self-study/projects/microservices/Microservices-Sys_Monitor/src/middleware/gatewayValidation.js","statementMap":{"0":{"start":{"line":3,"column":0},"end":{"line":6,"column":2}},"1":{"start":{"line":4,"column":2},"end":{"line":4,"column":46}},"2":{"start":{"line":5,"column":2},"end":{"line":5,"column":9}}},"fnMap":{"0":{"name":"(anonymous_0)","decl":{"start":{"line":3,"column":17},"end":{"line":3,"column":18}},"loc":{"start":{"line":3,"column":36},"end":{"line":6,"column":1}},"line":3}},"branchMap":{},"s":{"0":2,"1":28,"2":28},"f":{"0":28},"b":{},"_coverageSchema":"1a1c01bbd47fc00a2c39e90264f33305004495a9","hash":"050d736ef5d1ccd2199282eb1bb50cf7311dcb10"}
,"/Users/pengchen/Library/Mobile Documents/com~apple~CloudDocs/SCHOOL/self-study/projects/microservices/Microservices-Sys_Monitor/src/middleware/logger.js": {"path":"/Users/pengchen/Library/Mobile Documents/com~apple~CloudDocs/SCHOOL/self-study/projects/microservices/Microservices-Sys_Monitor/src/middleware/logger.js","statementMap":{"0":{"start":{"line":5,"column":0},"end":{"line":14,"column":2}},"1":{"start":{"line":7,"column":13},"end":{"line":7,"column":128}},"2":{"start":{"line":11,"column":2},"end":{"line":11,"column":188}},"3":{"start":{"line":13,"column":2},"end":{"line":13,"column":9}}},"fnMap":{"0":{"name":"(anonymous_0)","decl":{"start":{"line":5,"column":17},"end":{"line":5,"column":18}},"loc":{"start":{"line":5,"column":37},"end":{"line":14,"column":1}},"line":5}},"branchMap":{"0":{"loc":{"start":{"line":7,"column":13},"end":{"line":7,"column":128}},"type":"binary-expr","locations":[{"start":{"line":7,"column":13},"end":{"line":7,"column":41}},{"start":{"line":7,"column":45},"end":{"line":7,"column":69}},{"start":{"line":7,"column":73},"end":{"line":7,"column":108}},{"start":{"line":7,"column":112},"end":{"line":7,"column":128}}],"line":7}},"s":{"0":2,"1":29,"2":29,"3":29},"f":{"0":29},"b":{"0":[29,0,0,0]},"_coverageSchema":"1a1c01bbd47fc00a2c39e90264f33305004495a9","hash":"57598d7683e6e5cb6f63e6f00656f7fa99f80467"}
,"/Users/pengchen/Library/Mobile Documents/com~apple~CloudDocs/SCHOOL/self-study/projects/microservices/Microservices-Sys_Monitor/src/middleware/modelFinder.js": {"path":"/Users/pengchen/Library/Mobile Documents/com~apple~CloudDocs/SCHOOL/self-study/projects/microservices/Microservices-Sys_Monitor/src/middleware/modelFinder.js","statementMap":{"0":{"start":{"line":2,"column":19},"end":{"line":2,"column":52}},"1":{"start":{"line":3,"column":21},"end":{"line":3,"column":56}},"2":{"start":{"line":4,"column":19},"end":{"line":4,"column":52}},"3":{"start":{"line":6,"column":0},"end":{"line":26,"column":2}},"4":{"start":{"line":7,"column":14},"end":{"line":7,"column":30}},"5":{"start":{"line":9,"column":2},"end":{"line":25,"column":3}},"6":{"start":{"line":11,"column":6},"end":{"line":11,"column":31}},"7":{"start":{"line":12,"column":6},"end":{"line":12,"column":13}},"8":{"start":{"line":13,"column":6},"end":{"line":13,"column":13}},"9":{"start":{"line":15,"column":6},"end":{"line":15,"column":29}},"10":{"start":{"line":16,"column":6},"end":{"line":16,"column":13}},"11":{"start":{"line":17,"column":6},"end":{"line":17,"column":13}},"12":{"start":{"line":19,"column":6},"end":{"line":19,"column":29}},"13":{"start":{"line":20,"column":6},"end":{"line":20,"column":13}},"14":{"start":{"line":21,"column":6},"end":{"line":21,"column":13}},"15":{"start":{"line":23,"column":6},"end":{"line":23,"column":13}},"16":{"start":{"line":24,"column":6},"end":{"line":24,"column":13}}},"fnMap":{"0":{"name":"(anonymous_0)","decl":{"start":{"line":6,"column":17},"end":{"line":6,"column":18}},"loc":{"start":{"line":6,"column":35},"end":{"line":26,"column":1}},"line":6}},"branchMap":{"0":{"loc":{"start":{"line":9,"column":2},"end":{"line":25,"column":3}},"type":"switch","locations":[{"start":{"line":10,"column":4},"end":{"line":13,"column":13}},{"start":{"line":14,"column":4},"end":{"line":17,"column":13}},{"start":{"line":18,"column":4},"end":{"line":21,"column":13}},{"start":{"line":22,"column":4},"end":{"line":24,"column":13}}],"line":9}},"s":{"0":2,"1":2,"2":2,"3":2,"4":28,"5":28,"6":9,"7":9,"8":9,"9":9,"10":9,"11":9,"12":9,"13":9,"14":9,"15":1,"16":1},"f":{"0":28},"b":{"0":[9,9,9,1]},"_coverageSchema":"1a1c01bbd47fc00a2c39e90264f33305004495a9","hash":"10fc6b50a2826f9130523c01b11cc060cac8a28c"}
,"/Users/pengchen/Library/Mobile Documents/com~apple~CloudDocs/SCHOOL/self-study/projects/microservices/Microservices-Sys_Monitor/src/model/errorModel.js": {"path":"/Users/pengchen/Library/Mobile Documents/com~apple~CloudDocs/SCHOOL/self-study/projects/microservices/Microservices-Sys_Monitor/src/model/errorModel.js","statementMap":{"0":{"start":{"line":3,"column":17},"end":{"line":3,"column":36}},"1":{"start":{"line":5,"column":15},"end":{"line":17,"column":2}},"2":{"start":{"line":19,"column":0},"end":{"line":19,"column":50}}},"fnMap":{},"branchMap":{},"s":{"0":2,"1":2,"2":2},"f":{},"b":{},"_coverageSchema":"1a1c01bbd47fc00a2c39e90264f33305004495a9","hash":"3c6adf840d757b1a9aee98cd0b50ba4b17ffcf1e"}
,"/Users/pengchen/Library/Mobile Documents/com~apple~CloudDocs/SCHOOL/self-study/projects/microservices/Microservices-Sys_Monitor/src/model/eventModel.js": {"path":"/Users/pengchen/Library/Mobile Documents/com~apple~CloudDocs/SCHOOL/self-study/projects/microservices/Microservices-Sys_Monitor/src/model/eventModel.js","statementMap":{"0":{"start":{"line":3,"column":17},"end":{"line":3,"column":36}},"1":{"start":{"line":5,"column":15},"end":{"line":10,"column":2}},"2":{"start":{"line":12,"column":0},"end":{"line":12,"column":50}}},"fnMap":{},"branchMap":{},"s":{"0":2,"1":2,"2":2},"f":{},"b":{},"_coverageSchema":"1a1c01bbd47fc00a2c39e90264f33305004495a9","hash":"b9736348f77b048b6cc93a62786797dc5ad5e87d"}
,"/Users/pengchen/Library/Mobile Documents/com~apple~CloudDocs/SCHOOL/self-study/projects/microservices/Microservices-Sys_Monitor/src/model/warningModel.js": {"path":"/Users/pengchen/Library/Mobile Documents/com~apple~CloudDocs/SCHOOL/self-study/projects/microservices/Microservices-Sys_Monitor/src/model/warningModel.js","statementMap":{"0":{"start":{"line":3,"column":17},"end":{"line":3,"column":36}},"1":{"start":{"line":5,"column":17},"end":{"line":13,"column":2}},"2":{"start":{"line":15,"column":0},"end":{"line":15,"column":54}}},"fnMap":{},"branchMap":{},"s":{"0":2,"1":2,"2":2},"f":{},"b":{},"_coverageSchema":"1a1c01bbd47fc00a2c39e90264f33305004495a9","hash":"7d030ee68b2a6ff98c814bdf896245da605b39f1"}
,"/Users/pengchen/Library/Mobile Documents/com~apple~CloudDocs/SCHOOL/self-study/projects/microservices/Microservices-Sys_Monitor/src/route/router.js": {"path":"/Users/pengchen/Library/Mobile Documents/com~apple~CloudDocs/SCHOOL/self-study/projects/microservices/Microservices-Sys_Monitor/src/route/router.js","statementMap":{"0":{"start":{"line":3,"column":16},"end":{"line":3,"column":34}},"1":{"start":{"line":4,"column":15},"end":{"line":4,"column":31}},"2":{"start":{"line":5,"column":20},"end":{"line":5,"column":59}},"3":{"start":{"line":7,"column":0},"end":{"line":7,"column":35}},"4":{"start":{"line":9,"column":83},"end":{"line":9,"column":112}},"5":{"start":{"line":11,"column":26},"end":{"line":11,"column":71}},"6":{"start":{"line":14,"column":0},"end":{"line":14,"column":49}},"7":{"start":{"line":15,"column":0},"end":{"line":15,"column":84}},"8":{"start":{"line":16,"column":0},"end":{"line":16,"column":57}},"9":{"start":{"line":17,"column":0},"end":{"line":17,"column":53}},"10":{"start":{"line":18,"column":0},"end":{"line":18,"column":59}},"11":{"start":{"line":19,"column":0},"end":{"line":19,"column":55}},"12":{"start":{"line":21,"column":0},"end":{"line":21,"column":24}}},"fnMap":{},"branchMap":{},"s":{"0":2,"1":2,"2":2,"3":2,"4":2,"5":2,"6":2,"7":2,"8":2,"9":2,"10":2,"11":2,"12":2},"f":{},"b":{},"_coverageSchema":"1a1c01bbd47fc00a2c39e90264f33305004495a9","hash":"cfd8fd927b7353b6db447aa9b23deac4318b7fb6"}
,"/Users/pengchen/Library/Mobile Documents/com~apple~CloudDocs/SCHOOL/self-study/projects/microservices/Microservices-Sys_Monitor/src/route/routerHandler.js": {"path":"/Users/pengchen/Library/Mobile Documents/com~apple~CloudDocs/SCHOOL/self-study/projects/microservices/Microservices-Sys_Monitor/src/route/routerHandler.js","statementMap":{"0":{"start":{"line":4,"column":2},"end":{"line":45,"column":4}},"1":{"start":{"line":6,"column":4},"end":{"line":9,"column":5}},"2":{"start":{"line":7,"column":6},"end":{"line":7,"column":13}},"3":{"start":{"line":8,"column":6},"end":{"line":8,"column":13}},"4":{"start":{"line":11,"column":22},"end":{"line":11,"column":38}},"5":{"start":{"line":13,"column":4},"end":{"line":16,"column":5}},"6":{"start":{"line":14,"column":6},"end":{"line":14,"column":13}},"7":{"start":{"line":15,"column":6},"end":{"line":15,"column":13}},"8":{"start":{"line":18,"column":4},"end":{"line":44,"column":5}},"9":{"start":{"line":20,"column":6},"end":{"line":39,"column":7}},"10":{"start":{"line":22,"column":10},"end":{"line":22,"column":44}},"11":{"start":{"line":23,"column":10},"end":{"line":23,"column":16}},"12":{"start":{"line":25,"column":10},"end":{"line":25,"column":59}},"13":{"start":{"line":26,"column":10},"end":{"line":26,"column":16}},"14":{"start":{"line":28,"column":10},"end":{"line":28,"column":81}},"15":{"start":{"line":29,"column":10},"end":{"line":29,"column":16}},"16":{"start":{"line":31,"column":10},"end":{"line":31,"column":56}},"17":{"start":{"line":32,"column":10},"end":{"line":32,"column":16}},"18":{"start":{"line":34,"column":10},"end":{"line":34,"column":67}},"19":{"start":{"line":35,"column":10},"end":{"line":35,"column":16}},"20":{"start":{"line":37,"column":10},"end":{"line":37,"column":50}},"21":{"start":{"line":38,"column":10},"end":{"line":38,"column":16}},"22":{"start":{"line":40,"column":6},"end":{"line":40,"column":23}},"23":{"start":{"line":43,"column":6},"end":{"line":43,"column":16}},"24":{"start":{"line":48,"column":15},"end":{"line":48,"column":41}},"25":{"start":{"line":49,"column":28},"end":{"line":49,"column":67}},"26":{"start":{"line":50,"column":19},"end":{"line":50,"column":49}},"27":{"start":{"line":51,"column":18},"end":{"line":51,"column":47}},"28":{"start":{"line":52,"column":18},"end":{"line":52,"column":47}},"29":{"start":{"line":53,"column":18},"end":{"line":53,"column":47}},"30":{"start":{"line":56,"column":0},"end":{"line":56,"column":93}}},"fnMap":{"0":{"name":"handlerGenerator","decl":{"start":{"line":3,"column":9},"end":{"line":3,"column":25}},"loc":{"start":{"line":3,"column":34},"end":{"line":46,"column":1}},"line":3},"1":{"name":"(anonymous_1)","decl":{"start":{"line":4,"column":9},"end":{"line":4,"column":10}},"loc":{"start":{"line":4,"column":33},"end":{"line":45,"column":3}},"line":4}},"branchMap":{"0":{"loc":{"start":{"line":6,"column":4},"end":{"line":9,"column":5}},"type":"if","locations":[{"start":{"line":6,"column":4},"end":{"line":9,"column":5}},{"start":{"line":6,"column":4},"end":{"line":9,"column":5}}],"line":6},"1":{"loc":{"start":{"line":13,"column":4},"end":{"line":16,"column":5}},"type":"if","locations":[{"start":{"line":13,"column":4},"end":{"line":16,"column":5}},{"start":{"line":13,"column":4},"end":{"line":16,"column":5}}],"line":13},"2":{"loc":{"start":{"line":20,"column":6},"end":{"line":39,"column":7}},"type":"switch","locations":[{"start":{"line":21,"column":8},"end":{"line":23,"column":16}},{"start":{"line":24,"column":8},"end":{"line":26,"column":16}},{"start":{"line":27,"column":8},"end":{"line":29,"column":16}},{"start":{"line":30,"column":8},"end":{"line":32,"column":16}},{"start":{"line":33,"column":8},"end":{"line":35,"column":16}},{"start":{"line":36,"column":8},"end":{"line":38,"column":16}}],"line":20}},"s":{"0":12,"1":28,"2":1,"3":1,"4":27,"5":27,"6":0,"7":0,"8":27,"9":27,"10":9,"11":9,"12":3,"13":3,"14":3,"15":3,"16":6,"17":3,"18":3,"19":3,"20":3,"21":3,"22":24,"23":3,"24":2,"25":2,"26":2,"27":2,"28":2,"29":2,"30":2},"f":{"0":12,"1":28},"b":{"0":[1,27],"1":[0,27],"2":[9,3,3,6,3,3]},"_coverageSchema":"1a1c01bbd47fc00a2c39e90264f33305004495a9","hash":"93cadff275a618cc8edff625e9301fb793e8f603"}
,"/Users/pengchen/Library/Mobile Documents/com~apple~CloudDocs/SCHOOL/self-study/projects/microservices/Microservices-Sys_Monitor/src/tool/monitor.js": {"path":"/Users/pengchen/Library/Mobile Documents/com~apple~CloudDocs/SCHOOL/self-study/projects/microservices/Microservices-Sys_Monitor/src/tool/monitor.js","statementMap":{"0":{"start":{"line":4,"column":19},"end":{"line":4,"column":52}},"1":{"start":{"line":5,"column":21},"end":{"line":5,"column":56}},"2":{"start":{"line":6,"column":19},"end":{"line":6,"column":52}},"3":{"start":{"line":8,"column":0},"end":{"line":60,"column":2}},"4":{"start":{"line":10,"column":15},"end":{"line":10,"column":25}},"5":{"start":{"line":12,"column":16},"end":{"line":17,"column":3}},"6":{"start":{"line":20,"column":2},"end":{"line":50,"column":3}},"7":{"start":{"line":23,"column":6},"end":{"line":23,"column":25}},"8":{"start":{"line":24,"column":6},"end":{"line":24,"column":12}},"9":{"start":{"line":26,"column":6},"end":{"line":26,"column":27}},"10":{"start":{"line":28,"column":6},"end":{"line":34,"column":8}},"11":{"start":{"line":35,"column":6},"end":{"line":35,"column":12}},"12":{"start":{"line":37,"column":6},"end":{"line":37,"column":25}},"13":{"start":{"line":39,"column":6},"end":{"line":48,"column":8}},"14":{"start":{"line":49,"column":6},"end":{"line":49,"column":12}},"15":{"start":{"line":52,"column":2},"end":{"line":59,"column":3}},"16":{"start":{"line":54,"column":4},"end":{"line":54,"column":36}},"17":{"start":{"line":58,"column":4},"end":{"line":58,"column":70}}},"fnMap":{"0":{"name":"(anonymous_0)","decl":{"start":{"line":8,"column":17},"end":{"line":8,"column":18}},"loc":{"start":{"line":8,"column":65},"end":{"line":60,"column":1}},"line":8}},"branchMap":{"0":{"loc":{"start":{"line":8,"column":45},"end":{"line":8,"column":59}},"type":"default-arg","locations":[{"start":{"line":8,"column":50},"end":{"line":8,"column":59}}],"line":8},"1":{"loc":{"start":{"line":16,"column":13},"end":{"line":16,"column":54}},"type":"cond-expr","locations":[{"start":{"line":16,"column":38},"end":{"line":16,"column":42}},{"start":{"line":16,"column":45},"end":{"line":16,"column":54}}],"line":16},"2":{"loc":{"start":{"line":20,"column":2},"end":{"line":50,"column":3}},"type":"switch","locations":[{"start":{"line":22,"column":4},"end":{"line":24,"column":12}},{"start":{"line":25,"column":4},"end":{"line":35,"column":12}},{"start":{"line":36,"column":4},"end":{"line":49,"column":12}}],"line":20}},"s":{"0":2,"1":2,"2":2,"3":2,"4":8,"5":8,"6":8,"7":1,"8":1,"9":3,"10":3,"11":3,"12":4,"13":4,"14":4,"15":8,"16":8,"17":0},"f":{"0":8},"b":{"0":[0],"1":[0,8],"2":[1,3,4]},"_coverageSchema":"1a1c01bbd47fc00a2c39e90264f33305004495a9","hash":"4bb0a00d1d19fec3cdc22cd8dcb0a67b8caa3f1b"}
}
