TN:
SF:src/server.js
FN:32,(anonymous_0)
FN:34,(anonymous_1)
FNF:2
FNH:0
FNDA:0,(anonymous_0)
FNDA:0,(anonymous_1)
DA:2,2
DA:4,2
DA:6,2
DA:7,2
DA:9,2
DA:11,2
DA:12,2
DA:15,2
DA:16,2
DA:19,2
DA:20,2
DA:24,2
DA:25,2
DA:26,2
DA:27,2
DA:30,2
DA:33,0
DA:34,0
DA:35,0
DA:37,0
LF:20
LH:16
BRDA:33,0,0,0
BRDA:33,0,1,0
BRF:2
BRH:0
end_of_record
TN:
SF:src/middleware/404.js
FN:5,(anonymous_0)
FNF:1
FNH:1
FNDA:2,(anonymous_0)
DA:2,2
DA:5,2
DA:6,2
DA:7,2
DA:8,2
DA:9,2
DA:10,2
DA:12,2
DA:13,2
DA:19,2
LF:10
LH:10
BRDA:12,0,0,2
BRDA:12,0,1,0
BRDA:12,0,2,0
BRDA:12,0,3,0
BRDA:12,0,4,0
BRF:5
BRH:1
end_of_record
TN:
SF:src/middleware/error.js
FN:4,(anonymous_0)
FNF:1
FNH:1
FNDA:3,(anonymous_0)
DA:2,2
DA:4,2
DA:6,3
DA:7,3
DA:8,3
DA:9,3
DA:10,3
DA:12,3
DA:13,3
DA:21,3
LF:10
LH:10
BRDA:7,0,0,3
BRDA:7,0,1,3
BRDA:8,1,0,3
BRDA:8,1,1,3
BRDA:9,2,0,3
BRDA:9,2,1,3
BRDA:12,3,0,3
BRDA:12,3,1,0
BRDA:12,3,2,0
BRDA:12,3,3,0
BRDA:12,3,4,0
BRF:11
BRH:7
end_of_record
TN:
SF:src/middleware/gatewayValidation.js
FN:3,(anonymous_0)
FNF:1
FNH:1
FNDA:28,(anonymous_0)
DA:3,2
DA:4,28
DA:5,28
LF:3
LH:3
BRF:0
BRH:0
end_of_record
TN:
SF:src/middleware/logger.js
FN:5,(anonymous_0)
FNF:1
FNH:1
FNDA:29,(anonymous_0)
DA:5,2
DA:7,29
DA:11,29
DA:13,29
LF:4
LH:4
BRDA:7,0,0,29
BRDA:7,0,1,0
BRDA:7,0,2,0
BRDA:7,0,3,0
BRF:4
BRH:1
end_of_record
TN:
SF:src/middleware/modelFinder.js
FN:6,(anonymous_0)
FNF:1
FNH:1
FNDA:28,(anonymous_0)
DA:2,2
DA:3,2
DA:4,2
DA:6,2
DA:7,28
DA:9,28
DA:11,9
DA:12,9
DA:13,9
DA:15,9
DA:16,9
DA:17,9
DA:19,9
DA:20,9
DA:21,9
DA:23,1
DA:24,1
LF:17
LH:17
BRDA:9,0,0,9
BRDA:9,0,1,9
BRDA:9,0,2,9
BRDA:9,0,3,1
BRF:4
BRH:4
end_of_record
TN:
SF:src/model/errorModel.js
FNF:0
FNH:0
DA:3,2
DA:5,2
DA:12,2
LF:3
LH:3
BRF:0
BRH:0
end_of_record
TN:
SF:src/model/eventModel.js
FNF:0
FNH:0
DA:3,2
DA:5,2
DA:12,2
LF:3
LH:3
BRF:0
BRH:0
end_of_record
TN:
SF:src/model/warningModel.js
FNF:0
FNH:0
DA:3,2
DA:5,2
DA:12,2
LF:3
LH:3
BRF:0
BRH:0
end_of_record
TN:
SF:src/route/router.js
FNF:0
FNH:0
DA:3,2
DA:4,2
DA:5,2
DA:7,2
DA:9,2
DA:11,2
DA:14,2
DA:15,2
DA:16,2
DA:17,2
DA:18,2
DA:19,2
DA:21,2
LF:13
LH:13
BRF:0
BRH:0
end_of_record
TN:
SF:src/route/routerHandler.js
FN:3,handlerGenerator
FN:4,(anonymous_1)
FNF:2
FNH:2
FNDA:12,handlerGenerator
FNDA:28,(anonymous_1)
DA:4,12
DA:6,28
DA:7,1
DA:8,1
DA:11,27
DA:13,27
DA:14,0
DA:15,0
DA:18,27
DA:20,27
DA:22,9
DA:23,9
DA:25,3
DA:26,3
DA:28,3
DA:29,3
DA:31,6
DA:32,3
DA:34,3
DA:35,3
DA:37,3
DA:38,3
DA:40,24
DA:43,3
DA:48,2
DA:49,2
DA:50,2
DA:51,2
DA:52,2
DA:53,2
DA:56,2
LF:31
LH:29
BRDA:6,0,0,1
BRDA:6,0,1,27
BRDA:13,1,0,0
BRDA:13,1,1,27
BRDA:20,2,0,9
BRDA:20,2,1,3
BRDA:20,2,2,3
BRDA:20,2,3,6
BRDA:20,2,4,3
BRDA:20,2,5,3
BRF:10
BRH:9
end_of_record
TN:
SF:src/tool/monitor.js
FN:7,(anonymous_0)
FNF:1
FNH:1
FNDA:8,(anonymous_0)
DA:3,2
DA:4,2
DA:5,2
DA:7,2
DA:10,8
DA:13,3
DA:14,3
DA:16,1
DA:17,1
DA:19,4
DA:21,4
DA:29,4
DA:32,8
DA:33,8
DA:34,8
DA:42,0
LF:16
LH:15
BRDA:7,0,0,0
BRDA:10,1,0,3
BRDA:10,1,1,1
BRDA:10,1,2,4
BRDA:38,2,0,8
BRDA:38,2,1,0
BRF:6
BRH:4
end_of_record
